app/build/intermediates/manifest_merge_blame_file/debug/manifest-merger-blame-debug-report.txt
1<?xml version="1.0" encoding="utf-8"?>
2<!--
3~ Copyright (C) 2019 The Android Open Source Project
4~
5~ Licensed under the Apache License, Version 2.0 (the "License");
6~ you may not use this file except in compliance with the License.
7~ You may obtain a copy of the License at
8~
9~      http://www.apache.org/licenses/LICENSE-2.0
10~
11~ Unless required by applicable law or agreed to in writing, software
12~ distributed under the License is distributed on an "AS IS" BASIS,
13~ WITHOUT WARRANTIES OR CONDITIONS OF ANY KIND, either express or implied.
14~ See the License for the specific language governing permissions and
15~ limitations under the License.
16-->
17<manifest xmlns:android="http://schemas.android.com/apk/res/android"
18    package="io.material.materialthemebuilder"
19    android:versionCode="1"
20    android:versionName="1.0" >
21
22    <uses-sdk
23        android:minSdkVersion="23"
23-->src\main\AndroidManifest.xml
24        android:targetSdkVersion="29" />
24-->src\main\AndroidManifest.xml
25
26    <application
26-->src\main\AndroidManifest.xml:22:5-42:19
27        android:name="io.material.materialthemebuilder.App"
27-->src\main\AndroidManifest.xml:23:9-28
28        android:allowBackup="true"
28-->src\main\AndroidManifest.xml:24:9-35
29        android:appComponentFactory="androidx.core.app.CoreComponentFactory"
29-->[androidx.core:core:1.1.0] AndroidManifest.xml:24:18-86
30        android:debuggable="true"
31        android:icon="@mipmap/ic_launcher"
31-->src\main\AndroidManifest.xml:25:9-43
32        android:label="@string/app_name"
32-->src\main\AndroidManifest.xml:26:9-41
33        android:roundIcon="@mipmap/ic_launcher_round"
33-->src\main\AndroidManifest.xml:27:9-54
34        android:supportsRtl="true"
34-->src\main\AndroidManifest.xml:28:9-35
35        android:testOnly="true"
36        android:theme="@style/Theme.MyApp" >
36-->src\main\AndroidManifest.xml:29:9-43
37        <activity
37-->src\main\AndroidManifest.xml:31:9-38:20
38            android:name="io.material.materialthemebuilder.ui.MainActivity"
38-->src\main\AndroidManifest.xml:31:19-50
39            android:exported="true" >
39-->src\main\AndroidManifest.xml:32:13-36
40            <intent-filter>
40-->src\main\AndroidManifest.xml:33:13-37:29
41                <action android:name="android.intent.action.MAIN" />
41-->src\main\AndroidManifest.xml:34:17-68
41-->src\main\AndroidManifest.xml:34:25-66
42
43                <category android:name="android.intent.category.LAUNCHER" />
43-->src\main\AndroidManifest.xml:36:17-76
43-->src\main\AndroidManifest.xml:36:27-74
44            </intent-filter>
45        </activity>
46
47        <meta-data
47-->src\main\AndroidManifest.xml:39:9-41:57
48            android:name="preloaded_fonts"
48-->src\main\AndroidManifest.xml:40:13-43
49            android:resource="@array/preloaded_fonts" />
49-->src\main\AndroidManifest.xml:41:13-54
50    </application>
51
52</manifest>